2016-08-23T07:40:53.956Z - normal: Load ~/.CocosCreator/settings.json
2016-08-23T07:40:53.956Z - normal: checking language setting...
2016-08-23T07:40:53.956Z - normal: Language: zh
2016-08-23T07:40:55.049Z - success: protocol editor-framework registered
2016-08-23T07:40:55.049Z - success: protocol app registered
2016-08-23T07:40:55.049Z - success: protocol packages registered
2016-08-23T07:40:55.049Z - success: protocol theme registered
2016-08-23T07:40:55.050Z - success: protocol unpack registerred
2016-08-23T07:40:55.130Z - normal: connected!
2016-08-23T07:40:55.133Z - normal: Check project C:\Users\egret\Documents\GitHub\game-engine\creator\cartoon
2016-08-23T07:40:55.136Z - normal: Initializing Cocos Creator Editor
2016-08-23T07:40:55.446Z - normal: Initializing Cocos2d
2016-08-23T07:40:55.566Z - normal: Initializing Asset Database
2016-08-23T07:40:55.584Z - success: protocol uuid registerred
2016-08-23T07:40:55.584Z - success: protocol db registerred
2016-08-23T07:40:55.584Z - success: protocol thumbnail registerred
2016-08-23T07:40:55.584Z - normal: Loading editor/builtin packages
2016-08-23T07:40:55.666Z - success: assets loaded
2016-08-23T07:40:55.666Z - success: builder loaded
2016-08-23T07:40:55.684Z - success: hierarchy loaded
2016-08-23T07:40:55.686Z - success: inspector loaded
2016-08-23T07:40:55.686Z - success: keystore loaded
2016-08-23T07:40:55.689Z - success: node-library loaded
2016-08-23T07:40:55.690Z - success: preferences loaded
2016-08-23T07:40:55.700Z - success: project-importer loaded
2016-08-23T07:40:55.701Z - success: project-settings loaded
2016-08-23T07:40:55.702Z - success: ui-kit loaded
2016-08-23T07:40:55.703Z - success: ui-grid loaded
2016-08-23T07:40:55.705Z - success: scene loaded
2016-08-23T07:40:55.706Z - success: sprite-editor loaded
2016-08-23T07:40:55.709Z - success: timeline loaded
2016-08-23T07:40:55.709Z - normal: Loading builtin packages
2016-08-23T07:40:55.712Z - success: asset-db-debugger loaded
2016-08-23T07:40:55.713Z - success: cocos-package loaded
2016-08-23T07:40:55.714Z - success: code-editor loaded
2016-08-23T07:40:55.714Z - success: color-picker loaded
2016-08-23T07:40:55.716Z - success: console loaded
2016-08-23T07:40:55.718Z - success: package-manager loaded
2016-08-23T07:40:55.720Z - success: tester loaded
2016-08-23T07:40:55.721Z - success: ui-kit-preview-extra loaded
2016-08-23T07:40:55.722Z - success: ui-kit-preview loaded
2016-08-23T07:40:55.723Z - success: ui-tree loaded
2016-08-23T07:40:55.748Z - normal: Initializing project C:\Users\egret\Documents\GitHub\game-engine\creator\cartoon
2016-08-23T07:40:55.752Z - normal: Loading packages
2016-08-23T07:40:55.756Z - normal: Run Application
2016-08-23T07:40:56.415Z - success: preview server running at http://localhost:7456
2016-08-23T07:40:59.263Z - normal: 1.2.1-beta.3
